[06:30:55] [ServerMain/INFO]: [bootstrap] Running Java 21 (OpenJDK 64-Bit Server VM 21.0.7+6-Ubuntu-0ubuntu120.04; Ubuntu null) on Linux 6.8.0-1027-azure (amd64)
[06:30:55] [ServerMain/INFO]: [bootstrap] Loading Paper 1.21.4-231-ver/1.21.4@09e9afd (2025-05-19T17:59:36Z) for Minecraft 1.21.4
[06:30:55] [ServerMain/INFO]: [PluginInitializerManager] Initializing plugins...
[06:30:55] [ServerMain/INFO]: [PluginInitializerManager] Initialized 0 plugins
[06:30:56] [Paper Plugin Remapper Thread - 0/INFO]: [ReobfServer] Remapping server...
[06:31:03] [ServerMain/INFO]: Environment: Environment[sessionHost=https://sessionserver.mojang.com, servicesHost=https://api.minecraftservices.com, name=PROD]
[06:31:03] [ServerMain/INFO]: Found new data pack file/bukkit, loading it automatically
[06:31:03] [ServerMain/INFO]: Found new data pack paper, loading it automatically
[06:31:05] [ServerMain/INFO]: No existing world data, creating new world
[06:31:05] [Paper Plugin Remapper Thread - 0/INFO]: [ReobfServer] Done remapping server in 8789ms.
[06:31:06] [ServerMain/INFO]: Loaded 1370 recipes
[06:31:06] [ServerMain/INFO]: Loaded 1481 advancements
[06:31:06] [ServerMain/INFO]: [MCTypeRegistry] Initialising converters for DataConverter...
[06:31:06] [ServerMain/INFO]: [MCTypeRegistry] Finished initialising converters for DataConverter in 294.2ms
[06:31:06] [Server thread/INFO]: Starting minecraft server version 1.21.4
[06:31:06] [Server thread/INFO]: Loading properties
[06:31:06] [Server thread/INFO]: This server is running Paper version 1.21.4-231-ver/1.21.4@09e9afd (2025-05-19T17:59:36Z) (Implementing API version 1.21.4-R0.1-SNAPSHOT)
[06:31:06] [Server thread/INFO]: [spark] This server bundles the spark profiler. For more information please visit https://docs.papermc.io/paper/profiling
[06:31:06] [Server thread/INFO]: Server Ping Player Sample Count: 12
[06:31:06] [Server thread/INFO]: Using 4 threads for Netty based IO
[06:31:07] [Server thread/INFO]: [MoonriseCommon] Paper is using 1 worker threads, 1 I/O threads
[06:31:07] [Server thread/INFO]: [ChunkTaskScheduler] Chunk system is using population gen parallelism: true
[06:31:07] [Server thread/INFO]: Default game type: SURVIVAL
[06:31:07] [Server thread/INFO]: Generating keypair
[06:31:07] [Server thread/INFO]: Starting Minecraft server on *:25565
[06:31:08] [Server thread/INFO]: Using epoll channel type
[06:31:08] [Server thread/INFO]: Paper: Using libdeflate (Linux x86_64) compression from Velocity.
[06:31:08] [Server thread/INFO]: Paper: Using OpenSSL 1.1.x (Linux x86_64) cipher from Velocity.
[06:31:08] [Server thread/WARN]: **** SERVER IS RUNNING IN OFFLINE/INSECURE MODE!
[06:31:08] [Server thread/WARN]: The server will make no attempt to authenticate usernames. Beware.
[06:31:08] [Server thread/WARN]: While this makes the game possible to play without internet access, it also opens up the ability for hackers to connect with any username they choose.
[06:31:08] [Server thread/WARN]: To change this, set "online-mode" to "true" in the server.properties file.
[06:31:08] [Server thread/INFO]: Preparing level "world"
[06:31:18] [Server thread/INFO]: Preparing start region for dimension minecraft:overworld
[06:31:18] [Server thread/INFO]: Preparing spawn area: 2%
[06:31:18] [Server thread/INFO]: Preparing spawn area: 2%
[06:31:19] [Server thread/INFO]: Preparing spawn area: 2%
[06:31:19] [Server thread/INFO]: Preparing spawn area: 2%
[06:31:20] [Server thread/INFO]: Preparing spawn area: 14%
[06:31:20] [Server thread/INFO]: Preparing spawn area: 18%
[06:31:21] [Server thread/INFO]: Preparing spawn area: 18%
[06:31:21] [Server thread/INFO]: Preparing spawn area: 18%
[06:31:22] [Server thread/INFO]: Preparing spawn area: 44%
[06:31:22] [Server thread/INFO]: Preparing spawn area: 51%
[06:31:23] [Server thread/INFO]: Preparing spawn area: 51%
[06:31:23] [Server thread/INFO]: Preparing spawn area: 61%
[06:31:24] [Server thread/INFO]: Preparing spawn area: 69%
[06:31:24] [Server thread/INFO]: Preparing spawn area: 69%
[06:31:24] [Server thread/INFO]: Time elapsed: 6636 ms
[06:31:24] [Server thread/INFO]: Preparing start region for dimension minecraft:the_nether
[06:31:24] [Server thread/INFO]: Preparing spawn area: 2%
[06:31:25] [Server thread/INFO]: Preparing spawn area: 2%
[06:31:25] [Server thread/INFO]: Preparing spawn area: 24%
[06:31:26] [Server thread/INFO]: Preparing spawn area: 51%
[06:31:26] [Server thread/INFO]: Time elapsed: 1716 ms
[06:31:26] [Server thread/INFO]: Preparing start region for dimension minecraft:the_end
[06:31:26] [Server thread/INFO]: Preparing spawn area: 2%
[06:31:27] [Server thread/INFO]: Time elapsed: 422 ms
[06:31:27] [Server thread/INFO]: [spark] Starting background profiler...
[06:31:27] [Server thread/INFO]: Done preparing level "world" (19.253s)
[06:31:27] [Server thread/INFO]: Running delayed init tasks
[06:31:27] [Server thread/INFO]: Done (32.484s)! For help, type "help"
[06:31:27] [Server thread/INFO]: *************************************************************************************
[06:31:27] [Server thread/INFO]: This is the first time you're starting this server.
[06:31:27] [Server thread/INFO]: It's recommended you read our 'Getting Started' documentation for guidance.
[06:31:27] [Server thread/INFO]: View this and more helpful information here: https://docs.papermc.io/paper/next-steps
[06:31:27] [Server thread/INFO]: *************************************************************************************
[06:31:27] [Server thread/INFO]: Unknown or incomplete command, see below for error
/home/codespace/.python/current/bin/python /workspaces/minew/msx.py<--[HERE]
[06:31:47] [Server thread/INFO]: Stopping server
[06:31:47] [Server thread/INFO]: Saving players
[06:31:47] [Server thread/INFO]: Saving worlds
[06:31:47] [Server thread/INFO]: Saving chunks for level 'ServerLevel[world]'/minecraft:overworld
[06:31:47] [Server thread/INFO]: [ChunkHolderManager] Waiting 60s for chunk system to halt for world 'world'
[06:31:47] [Server thread/INFO]: [ChunkHolderManager] Halted chunk system for world 'world'
[06:31:47] [Server thread/INFO]: [ChunkHolderManager] Saving all chunkholders for world 'world'
[06:31:48] [Server thread/INFO]: [ChunkHolderManager] Saved 841 block chunks, 49 entity chunks, 1 poi chunks in world 'world' in 1.24s
[06:31:48] [Server thread/INFO]: [ChunkHolderManager] Waiting 60s for chunk I/O to halt for world 'world'
[06:31:48] [Server thread/INFO]: [ChunkHolderManager] Halted I/O scheduler for world 'world'
[06:31:48] [Server thread/INFO]: Saving chunks for level 'ServerLevel[world_nether]'/minecraft:the_nether
[06:31:48] [Server thread/INFO]: [ChunkHolderManager] Waiting 60s for chunk system to halt for world 'world_nether'
[06:31:48] [Server thread/INFO]: [ChunkHolderManager] Halted chunk system for world 'world_nether'
[06:31:48] [Server thread/INFO]: [ChunkHolderManager] Saving all chunkholders for world 'world_nether'
[06:31:48] [Server thread/INFO]: [ChunkHolderManager] Saved 841 block chunks, 49 entity chunks, 0 poi chunks in world 'world_nether' in 0.41s
[06:31:48] [Server thread/INFO]: [ChunkHolderManager] Waiting 60s for chunk I/O to halt for world 'world_nether'
[06:31:48] [Server thread/INFO]: [ChunkHolderManager] Halted I/O scheduler for world 'world_nether'
[06:31:48] [Server thread/INFO]: Saving chunks for level 'ServerLevel[world_the_end]'/minecraft:the_end
[06:31:48] [Server thread/INFO]: [ChunkHolderManager] Waiting 60s for chunk system to halt for world 'world_the_end'
[06:31:48] [Server thread/INFO]: [ChunkHolderManager] Halted chunk system for world 'world_the_end'
[06:31:48] [Server thread/INFO]: [ChunkHolderManager] Saving all chunkholders for world 'world_the_end'
[06:31:49] [Server thread/INFO]: [ChunkHolderManager] Saved 841 block chunks, 49 entity chunks, 0 poi chunks in world 'world_the_end' in 0.29s
[06:31:49] [Server thread/INFO]: [ChunkHolderManager] Waiting 60s for chunk I/O to halt for world 'world_the_end'
[06:31:49] [Server thread/INFO]: [ChunkHolderManager] Halted I/O scheduler for world 'world_the_end'
[06:31:49] [Server thread/INFO]: ThreadedAnvilChunkStorage (world): All chunks are saved
[06:31:49] [Server thread/INFO]: ThreadedAnvilChunkStorage (DIM-1): All chunks are saved
[06:31:49] [Server thread/INFO]: ThreadedAnvilChunkStorage (DIM1): All chunks are saved
[06:31:49] [Server thread/INFO]: ThreadedAnvilChunkStorage: All dimensions are saved
[06:31:49] [Server thread/INFO]: Waiting for I/O tasks to complete...
[06:31:49] [Server thread/INFO]: All I/O tasks to complete
[06:31:49] [Server thread/INFO]: [MoonriseCommon] Awaiting termination of worker pool for up to 60s...
[06:31:49] [Server thread/INFO]: [MoonriseCommon] Awaiting termination of I/O pool for up to 60s...
